<?xml version="1.0" encoding="UTF-8"?>
<!-- Generated by org.testng.reporters.JUnitXMLReporter -->
<testsuite ignored="3" hostname="DESKTOP-9RB9S5V" failures="0" tests="0" time="0.016" errors="0" timestamp="2023-04-14T13:12:44 IST">
  <testcase classname="Campaign.CreateCampaignTest" name="CreateCampaignTest" time="0.0">
    <ignored/>
  </testcase> <!-- CreateCampaignTest -->
  <testcase classname="Campaign.CreateCampaignwithProdTest" name="CreateCampaignwithProdTest" time="0.0">
    <ignored/>
  </testcase> <!-- CreateCampaignwithProdTest -->
  <testcase classname="Organisation.CreateOrganisationTest" name="createOrganisationTest" time="0.0">
    <ignored/>
  </testcase> <!-- createOrganisationTest -->
</testsuite>
