<?xml version="1.0" encoding="UTF-8"?>
<!-- Generated by org.testng.reporters.JUnitXMLReporter -->
<testsuite ignored="4" hostname="DESKTOP-9RB9S5V" failures="0" tests="2" name="Test" time="133.54" errors="0" timestamp="2023-04-19T23:34:47 IST">
  <testcase classname="Organisation.CreateOrganisationTest" name="createOrganisationTest" time="22.986"/>
  <testcase classname="Campaign.CreateCampaignTest" name="CreateCampaignTest" time="32.073"/>
  <testcase classname="GenericUtility.BaseClass" name="@BeforeTest BT" time="0.0">
    <ignored/>
  </testcase> <!-- @BeforeTest BT -->
  <testcase classname="GenericUtility.BaseClass" name="@AfterSuite AS" time="0.0">
    <ignored/>
  </testcase> <!-- @AfterSuite AS -->
  <testcase classname="GenericUtility.BaseClass" name="@BeforeSuite BS" time="0.0">
    <ignored/>
  </testcase> <!-- @BeforeSuite BS -->
  <testcase classname="GenericUtility.BaseClass" name="@AfterTest AT" time="0.0">
    <ignored/>
  </testcase> <!-- @AfterTest AT -->
</testsuite> <!-- Test -->
