<?xml version="1.0" encoding="UTF-8"?>
<!-- Generated by org.testng.reporters.JUnitXMLReporter -->
<testsuite ignored="0" hostname="DESKTOP-9RB9S5V" failures="0" tests="3" name="Testrunner3" time="130.985" errors="0" timestamp="2023-04-11T22:02:30 IST">
  <testcase classname="Organisation.CreateOrganisationTest" name="CreateCampaignTest" time="38.917"/>
  <testcase classname="Organisation.CreateOrganisationTest" name="createOrganisationTest" time="37.309"/>
  <testcase classname="Organisation.CreateOrganisationTest" name="method1" time="0.008"/>
</testsuite> <!-- Testrunner3 -->
